Arguments: 
  C:\Program Files\nodejs\node.exe C:\Users\DRAGONSOFT\AppData\Roaming\npm\node_modules\yarn\bin\yarn.js add -D corss-env

PATH: 
  C:\Windows\system32;C:\Windows;C:\Windows\System32\Wbem;C:\Windows\System32\WindowsPowerShell\v1.0\;C:\Program Files\Git\cmd;C:\Windows\System32\WindowsPowerShell\v1.0\;D:\flutter\bin\;D:\dnplayer2;C:\Program Files\TortoiseSVN\bin;D:\soft\gradle\bin;D:\soft\golang\bin;C:\Program Files\nodejs\;C:\Users\DRAGONSOFT\AppData\Local\Programs\Microsoft VS Code\bin;C:\Users\DRAGONSOFT\AppData\Local\Android\Sdk\tools;C:\Users\DRAGONSOFT\AppData\Local\Android\Sdk\platform-tools;D:\soft\IDEA\IntelliJ IDEA 2019.2.3\bin;D:\SDK\jdk1.8\bin;D:\SDK\jdk1.8\jre\bin;C:\Users\DRAGONSOFT\AppData\Local\GitHubDesktop\bin;C:\Users\DRAGONSOFT\.deno\bin;C:\Users\DRAGONSOFT\go\bin;D:\soft\Fiddler;C:\Users\DRAGONSOFT\AppData\Roaming\npm

Yarn version: 
  1.22.11

Node version: 
  12.22.7

Platform: 
  win32 x64

Trace: 
  Error: http://192.168.6.13:8082/repository/npm_all/corss-env: Not found
      at Request.params.callback [as _callback] (C:\Users\DRAGONSOFT\AppData\Roaming\npm\node_modules\yarn\lib\cli.js:66992:18)
      at Request.self.callback (C:\Users\DRAGONSOFT\AppData\Roaming\npm\node_modules\yarn\lib\cli.js:140763:22)
      at Request.emit (events.js:314:20)
      at Request.<anonymous> (C:\Users\DRAGONSOFT\AppData\Roaming\npm\node_modules\yarn\lib\cli.js:141735:10)
      at Request.emit (events.js:314:20)
      at IncomingMessage.<anonymous> (C:\Users\DRAGONSOFT\AppData\Roaming\npm\node_modules\yarn\lib\cli.js:141657:12)
      at Object.onceWrapper (events.js:420:28)
      at IncomingMessage.emit (events.js:326:22)
      at endReadableNT (_stream_readable.js:1241:12)
      at processTicksAndRejections (internal/process/task_queues.js:84:21)

npm manifest: 
  {
    "name": "vhoock",
    "version": "0.0.0",
    "description": "vue hoock",
    "keywords": [
      "hoock",
      "vue3"
    ],
    "author": "luocong2016@126.com <luocong2016@126.com>",
    "homepage": "",
    "license": "ISC",
    "main": "lib/cjs/index.js",
    "module": "lib/esm/index.js",
    "browser": "lib/index.min.js",
    "types": "lib/index.d.ts",
    "files": [
      "lib"
    ],
    "publishConfig": {
      "access": "public",
      "registry": "http://192.168.6.13:8082/repository/npm_ui"
    },
    "scripts": {
      "build": "cross-env NODE_ENV=production rollup -c"
    },
    "devDependencies": {
      "vue": "^3.2.21",
      "vue-router": "^4.0.12"
    }
  }

yarn manifest: 
  No manifest

Lockfile: 
  # THIS IS AN AUTOGENERATED FILE. DO NOT EDIT THIS FILE DIRECTLY.
  # yarn lockfile v1
  
  
  "@babel/parser@^7.15.0":
    version "7.16.2"
    resolved "http://192.168.6.13:8082/repository/npm_all/@babel/parser/-/parser-7.16.2.tgz#3723cd5c8d8773eef96ce57ea1d9b7faaccd12ac"
    integrity sha1-NyPNXI2Hc+75bOV+odm3+qzNEqw=
  
  "@vue/compiler-core@3.2.21":
    version "3.2.21"
    resolved "http://192.168.6.13:8082/repository/npm_all/@vue/compiler-core/-/compiler-core-3.2.21.tgz#26566c32b2ad838199d471ef5df620a83846f24e"
    integrity sha1-JlZsMrKtg4GZ1HHvXfYgqDhG8k4=
    dependencies:
      "@babel/parser" "^7.15.0"
      "@vue/shared" "3.2.21"
      estree-walker "^2.0.2"
      source-map "^0.6.1"
  
  "@vue/compiler-dom@3.2.21":
    version "3.2.21"
    resolved "http://192.168.6.13:8082/repository/npm_all/@vue/compiler-dom/-/compiler-dom-3.2.21.tgz#d6f6c85364ef8888f9c4e9122bfba11e78fb398c"
    integrity sha1-1vbIU2TviIj5xOkSK/uhHnj7OYw=
    dependencies:
      "@vue/compiler-core" "3.2.21"
      "@vue/shared" "3.2.21"
  
  "@vue/compiler-sfc@3.2.21":
    version "3.2.21"
    resolved "http://192.168.6.13:8082/repository/npm_all/@vue/compiler-sfc/-/compiler-sfc-3.2.21.tgz#42639ee49e725afb7d8f1d1940e75dc17a56002c"
    integrity sha1-QmOe5J5yWvt9jx0ZQOddwXpWACw=
    dependencies:
      "@babel/parser" "^7.15.0"
      "@vue/compiler-core" "3.2.21"
      "@vue/compiler-dom" "3.2.21"
      "@vue/compiler-ssr" "3.2.21"
      "@vue/ref-transform" "3.2.21"
      "@vue/shared" "3.2.21"
      estree-walker "^2.0.2"
      magic-string "^0.25.7"
      postcss "^8.1.10"
      source-map "^0.6.1"
  
  "@vue/compiler-ssr@3.2.21":
    version "3.2.21"
    resolved "http://192.168.6.13:8082/repository/npm_all/@vue/compiler-ssr/-/compiler-ssr-3.2.21.tgz#37d124f89e8adef9fd56b85775de4b5310a0436e"
    integrity sha1-N9Ek+J6K3vn9VrhXdd5LUxCgQ24=
    dependencies:
      "@vue/compiler-dom" "3.2.21"
      "@vue/shared" "3.2.21"
  
  "@vue/devtools-api@^6.0.0-beta.18":
    version "6.0.0-beta.20"
    resolved "http://192.168.6.13:8082/repository/npm_all/@vue/devtools-api/-/devtools-api-6.0.0-beta.20.tgz#b5405c9a84fb44687d05e7c4c7854b1639141106"
    integrity sha1-tUBcmoT7RGh9BefEx4VLFjkUEQY=
  
  "@vue/reactivity@3.2.21":
    version "3.2.21"
    resolved "http://192.168.6.13:8082/repository/npm_all/@vue/reactivity/-/reactivity-3.2.21.tgz#073ad144192ed78a07e151e95a3baa515e4099a2"
    integrity sha1-BzrRRBku14oH4VHpWjuqUV5AmaI=
    dependencies:
      "@vue/shared" "3.2.21"
  
  "@vue/ref-transform@3.2.21":
    version "3.2.21"
    resolved "http://192.168.6.13:8082/repository/npm_all/@vue/ref-transform/-/ref-transform-3.2.21.tgz#b0c554c9f640c3f005f77e676066aa0faba90984"
    integrity sha1-sMVUyfZAw/AF935nYGaqD6upCYQ=
    dependencies:
      "@babel/parser" "^7.15.0"
      "@vue/compiler-core" "3.2.21"
      "@vue/shared" "3.2.21"
      estree-walker "^2.0.2"
      magic-string "^0.25.7"
  
  "@vue/runtime-core@3.2.21":
    version "3.2.21"
    resolved "http://192.168.6.13:8082/repository/npm_all/@vue/runtime-core/-/runtime-core-3.2.21.tgz#e12dac8c3893b7aebfc37e32066718d8aa686ac5"
    integrity sha1-4S2sjDiTt66/w34yBmcY2KpoasU=
    dependencies:
      "@vue/reactivity" "3.2.21"
      "@vue/shared" "3.2.21"
  
  "@vue/runtime-dom@3.2.21":
    version "3.2.21"
    resolved "http://192.168.6.13:8082/repository/npm_all/@vue/runtime-dom/-/runtime-dom-3.2.21.tgz#33dd15bc85281e773177a30dc6931c294bd77aa1"
    integrity sha1-M90VvIUoHncxd6MNxpMcKUvXeqE=
    dependencies:
      "@vue/runtime-core" "3.2.21"
      "@vue/shared" "3.2.21"
      csstype "^2.6.8"
  
  "@vue/server-renderer@3.2.21":
    version "3.2.21"
    resolved "http://192.168.6.13:8082/repository/npm_all/@vue/server-renderer/-/server-renderer-3.2.21.tgz#887d0a44de76f72313cff2686a24c0315231d634"
    integrity sha1-iH0KRN529yMTz/JoaiTAMVIx1jQ=
    dependencies:
      "@vue/compiler-ssr" "3.2.21"
      "@vue/shared" "3.2.21"
  
  "@vue/shared@3.2.21":
    version "3.2.21"
    resolved "http://192.168.6.13:8082/repository/npm_all/@vue/shared/-/shared-3.2.21.tgz#4cd80c0e62cf65a7adab2449e86b6f0cb33a130b"
    integrity sha1-TNgMDmLPZaetqyRJ6GtvDLM6Ews=
  
  csstype@^2.6.8:
    version "2.6.18"
    resolved "http://192.168.6.13:8082/repository/npm_all/csstype/-/csstype-2.6.18.tgz#980a8b53085f34af313410af064f2bd241784218"
    integrity sha1-mAqLUwhfNK8xNBCvBk8r0kF4Qhg=
  
  estree-walker@^2.0.2:
    version "2.0.2"
    resolved "http://192.168.6.13:8082/repository/npm_all/estree-walker/-/estree-walker-2.0.2.tgz#52f010178c2a4c117a7757cfe942adb7d2da4cac"
    integrity sha1-UvAQF4wqTBF6d1fP6UKtt9LaTKw=
  
  magic-string@^0.25.7:
    version "0.25.7"
    resolved "http://192.168.6.13:8082/repository/npm_all/magic-string/-/magic-string-0.25.7.tgz#3f497d6fd34c669c6798dcb821f2ef31f5445051"
    integrity sha1-P0l9b9NMZpxnmNy4IfLvMfVEUFE=
    dependencies:
      sourcemap-codec "^1.4.4"
  
  nanoid@^3.1.30:
    version "3.1.30"
    resolved "http://192.168.6.13:8082/repository/npm_all/nanoid/-/nanoid-3.1.30.tgz#63f93cc548d2a113dc5dfbc63bfa09e2b9b64362"
    integrity sha1-Y/k8xUjSoRPcXfvGO/oJ4rm2Q2I=
  
  picocolors@^1.0.0:
    version "1.0.0"
    resolved "http://192.168.6.13:8082/repository/npm_all/picocolors/-/picocolors-1.0.0.tgz#cb5bdc74ff3f51892236eaf79d68bc44564ab81c"
    integrity sha1-y1vcdP8/UYkiNur3nWi8RFZKuBw=
  
  postcss@^8.1.10:
    version "8.3.11"
    resolved "http://192.168.6.13:8082/repository/npm_all/postcss/-/postcss-8.3.11.tgz#c3beca7ea811cd5e1c4a3ec6d2e7599ef1f8f858"
    integrity sha1-w77KfqgRzV4cSj7G0udZnvH4+Fg=
    dependencies:
      nanoid "^3.1.30"
      picocolors "^1.0.0"
      source-map-js "^0.6.2"
  
  source-map-js@^0.6.2:
    version "0.6.2"
    resolved "http://192.168.6.13:8082/repository/npm_all/source-map-js/-/source-map-js-0.6.2.tgz#0bb5de631b41cfbda6cfba8bd05a80efdfd2385e"
    integrity sha1-C7XeYxtBz72mz7qL0FqA79/SOF4=
  
  source-map@^0.6.1:
    version "0.6.1"
    resolved "http://192.168.6.13:8082/repository/npm_all/source-map/-/source-map-0.6.1.tgz#74722af32e9614e9c287a8d0bbde48b5e2f1a263"
    integrity sha1-dHIq8y6WFOnCh6jQu95IteLxomM=
  
  sourcemap-codec@^1.4.4:
    version "1.4.8"
    resolved "http://192.168.6.13:8082/repository/npm_all/sourcemap-codec/-/sourcemap-codec-1.4.8.tgz#ea804bd94857402e6992d05a38ef1ae35a9ab4c4"
    integrity sha1-6oBL2UhXQC5pktBaOO8a41qatMQ=
  
  vue-router@^4.0.12:
    version "4.0.12"
    resolved "http://192.168.6.13:8082/repository/npm_all/vue-router/-/vue-router-4.0.12.tgz#8dc792cddf5bb1abcc3908f9064136de7e13c460"
    integrity sha1-jceSzd9bsavMOQj5BkE23n4TxGA=
    dependencies:
      "@vue/devtools-api" "^6.0.0-beta.18"
  
  vue@^3.2.21:
    version "3.2.21"
    resolved "http://192.168.6.13:8082/repository/npm_all/vue/-/vue-3.2.21.tgz#55f5665172d95cf97e806b9aad0a375180be23a1"
    integrity sha1-VfVmUXLZXPl+gGuarQo3UYC+I6E=
    dependencies:
      "@vue/compiler-dom" "3.2.21"
      "@vue/compiler-sfc" "3.2.21"
      "@vue/runtime-dom" "3.2.21"
      "@vue/server-renderer" "3.2.21"
      "@vue/shared" "3.2.21"
